Initializing Spring context.
Adding [systemProperties] PropertySource with lowest search precedence
Adding [systemEnvironment] PropertySource with lowest search precedence
Initialized StandardEnvironment with PropertySources [systemProperties,systemEnvironment]
Refreshing org.springframework.context.support.ClassPathXmlApplicationContext@230a4761: startup date [Fri Mar 20 19:05:53 EET 2015]; root of context hierarchy
Adding [systemProperties] PropertySource with lowest search precedence
Adding [systemEnvironment] PropertySource with lowest search precedence
Initialized StandardEnvironment with PropertySources [systemProperties,systemEnvironment]
Loading XML bean definitions from class path resource [application-context.xml]
Using JAXP provider [com.sun.org.apache.xerces.internal.jaxp.DocumentBuilderFactoryImpl]
Loading schema mappings from [META-INF/spring.schemas]
Loaded schema mappings: {http://www.springframework.org/schema/tx/spring-tx-2.5.xsd=org/springframework/transaction/config/spring-tx-2.5.xsd, http://www.springframework.org/schema/aop/spring-aop-4.1.xsd=org/springframework/aop/config/spring-aop-4.1.xsd, http://activemq.apache.org/schema/core/activemq-core-5.10.0.xsd=activemq.xsd, http://www.springframework.org/schema/context/spring-context-3.1.xsd=org/springframework/context/config/spring-context-3.1.xsd, http://www.springframework.org/schema/data/repository/spring-repository-1.4.xsd=org/springframework/data/repository/config/spring-repository-1.4.xsd, http://www.springframework.org/schema/jdbc/spring-jdbc-4.1.xsd=org/springframework/jdbc/config/spring-jdbc-4.1.xsd, http://www.springframework.org/schema/jms/spring-jms-2.5.xsd=org/springframework/jms/config/spring-jms-2.5.xsd, http://www.springframework.org/schema/util/spring-util-3.0.xsd=org/springframework/beans/factory/xml/spring-util-3.0.xsd, http://www.springframework.org/schema/mvc/spring-mvc-4.1.xsd=org/springframework/web/servlet/config/spring-mvc-4.1.xsd, http://www.springframework.org/schema/data/jpa/spring-jpa.xsd=org/springframework/data/jpa/repository/config/spring-jpa-1.3.xsd, http://www.springframework.org/schema/security/spring-security-3.0.3.xsd=org/springframework/security/config/spring-security-3.0.3.xsd, http://www.springframework.org/schema/security/spring-security-2.0.1.xsd=org/springframework/security/config/spring-security-2.0.1.xsd, http://activemq.apache.org/schema/core/activemq-core-5.7.0.xsd=activemq.xsd, http://www.springframework.org/schema/tool/spring-tool.xsd=org/springframework/beans/factory/xml/spring-tool-4.1.xsd, http://www.springframework.org/schema/aop/spring-aop-3.2.xsd=org/springframework/aop/config/spring-aop-3.2.xsd, http://www.springframework.org/schema/lang/spring-lang-4.1.xsd=org/springframework/scripting/config/spring-lang-4.1.xsd, http://www.springframework.org/schema/context/spring-context-4.0.xsd=org/springframework/context/config/spring-context-4.0.xsd, http://www.springframework.org/schema/mvc/spring-mvc-3.2.xsd=org/springframework/web/servlet/config/spring-mvc-3.2.xsd, http://www.springframework.org/schema/tool/spring-tool-4.1.xsd=org/springframework/beans/factory/xml/spring-tool-4.1.xsd, http://www.springframework.org/schema/lang/spring-lang-3.2.xsd=org/springframework/scripting/config/spring-lang-3.2.xsd, http://www.springframework.org/schema/cache/spring-cache-3.2.xsd=org/springframework/cache/config/spring-cache-3.2.xsd, http://www.springframework.org/schema/jee/spring-jee-4.1.xsd=org/springframework/ejb/config/spring-jee-4.1.xsd, http://www.springframework.org/schema/jdbc/spring-jdbc-3.1.xsd=org/springframework/jdbc/config/spring-jdbc-3.1.xsd, http://www.springframework.org/schema/util/spring-util-2.0.xsd=org/springframework/beans/factory/xml/spring-util-2.0.xsd, http://www.springframework.org/schema/tool/spring-tool-3.2.xsd=org/springframework/beans/factory/xml/spring-tool-3.2.xsd, http://www.springframework.org/schema/context/spring-context.xsd=org/springframework/context/config/spring-context-4.1.xsd, http://www.springframework.org/schema/cache/spring-cache-4.1.xsd=org/springframework/cache/config/spring-cache-4.1.xsd, http://activemq.apache.org/schema/core/activemq-core-5.1.0.xsd=activemq.xsd, http://www.springframework.org/schema/aop/spring-aop-4.0.xsd=org/springframework/aop/config/spring-aop-4.0.xsd, http://www.springframework.org/schema/security/spring-security-2.0.xsd=org/springframework/security/config/spring-security-2.0.xsd, http://www.springframework.org/schema/jee/spring-jee-3.2.xsd=org/springframework/ejb/config/spring-jee-3.2.xsd, http://www.springframework.org/schema/context/spring-context-3.0.xsd=org/springframework/context/config/spring-context-3.0.xsd, http://www.springframework.org/schema/jdbc/spring-jdbc-4.0.xsd=org/springframework/jdbc/config/spring-jdbc-4.0.xsd, http://www.springframework.org/schema/util/spring-util-2.5.xsd=org/springframework/beans/factory/xml/spring-util-2.5.xsd, http://www.springframework.org/schema/mvc/spring-mvc-4.0.xsd=org/springframework/web/servlet/config/spring-mvc-4.0.xsd, http://www.springframework.org/schema/beans/spring-beans-3.2.xsd=org/springframework/beans/factory/xml/spring-beans-3.2.xsd, http://activemq.apache.org/schema/core/activemq-core-5.5.1.xsd=activemq.xsd, http://www.springframework.org/schema/aop/spring-aop-3.1.xsd=org/springframework/aop/config/spring-aop-3.1.xsd, http://www.springframework.org/schema/lang/spring-lang-4.0.xsd=org/springframework/scripting/config/spring-lang-4.0.xsd, http://activemq.apache.org/schema/core=activemq.xsd, http://www.springframework.org/schema/mvc/spring-mvc.xsd=org/springframework/web/servlet/config/spring-mvc-4.1.xsd, http://www.springframework.org/schema/mvc/spring-mvc-3.1.xsd=org/springframework/web/servlet/config/spring-mvc-3.1.xsd, http://www.springframework.org/schema/beans/spring-beans-4.1.xsd=org/springframework/beans/factory/xml/spring-beans-4.1.xsd, http://www.springframework.org/schema/tool/spring-tool-4.0.xsd=org/springframework/beans/factory/xml/spring-tool-4.0.xsd, http://activemq.apache.org/schema/core/activemq-core-5.6.0.xsd=activemq.xsd, http://activemq.apache.org/schema/core/activemq-core-5.4.2.xsd=activemq.xsd, http://www.springframework.org/schema/tx/spring-tx-3.2.xsd=org/springframework/transaction/config/spring-tx-3.2.xsd, http://www.springframework.org/schema/lang/spring-lang-3.1.xsd=org/springframework/scripting/config/spring-lang-3.1.xsd, http://www.springframework.org/schema/cache/spring-cache-3.1.xsd=org/springframework/cache/config/spring-cache-3.1.xsd, http://activemq.apache.org/schema/core/activemq-core-5.0.0.xsd=activemq.xsd, http://www.springframework.org/schema/jee/spring-jee-4.0.xsd=org/springframework/ejb/config/spring-jee-4.0.xsd, http://www.springframework.org/schema/jdbc/spring-jdbc-3.0.xsd=org/springframework/jdbc/config/spring-jdbc-3.0.xsd, http://www.springframework.org/schema/task/spring-task-4.1.xsd=org/springframework/scheduling/config/spring-task-4.1.xsd, http://www.springframework.org/schema/jdbc/spring-jdbc.xsd=org/springframework/jdbc/config/spring-jdbc-4.1.xsd, http://www.springframework.org/schema/tool/spring-tool-3.1.xsd=org/springframework/beans/factory/xml/spring-tool-3.1.xsd, http://www.springframework.org/schema/tx/spring-tx-4.1.xsd=org/springframework/transaction/config/spring-tx-4.1.xsd, http://www.springframework.org/schema/cache/spring-cache-4.0.xsd=org/springframework/cache/config/spring-cache-4.0.xsd, http://www.springframework.org/schema/jee/spring-jee-3.1.xsd=org/springframework/ejb/config/spring-jee-3.1.xsd, http://camel.apache.org/schema/spring/camel-spring.xsd=camel-spring.xsd, http://www.springframework.org/schema/task/spring-task-3.2.xsd=org/springframework/scheduling/config/spring-task-3.2.xsd, http://www.springframework.org/schema/beans/spring-beans-3.1.xsd=org/springframework/beans/factory/xml/spring-beans-3.1.xsd, http://www.springframework.org/schema/util/spring-util.xsd=org/springframework/beans/factory/xml/spring-util-4.1.xsd, http://www.springframework.org/schema/data/jpa/spring-jpa-1.3.xsd=org/springframework/data/jpa/repository/config/spring-jpa-1.3.xsd, http://activemq.apache.org/schema/core/activemq-core-5.5.0.xsd=activemq.xsd, http://activemq.apache.org/schema/core/activemq-core-5.3.2.xsd=activemq.xsd, http://www.springframework.org/schema/aop/spring-aop-3.0.xsd=org/springframework/aop/config/spring-aop-3.0.xsd, http://www.springframework.org/schema/data/repository/spring-repository.xsd=org/springframework/data/repository/config/spring-repository-1.7.xsd, http://www.springframework.org/schema/data/repository/spring-repository-1.7.xsd=org/springframework/data/repository/config/spring-repository-1.7.xsd, http://www.springframework.org/schema/jms/spring-jms-3.2.xsd=org/springframework/jms/config/spring-jms-3.2.xsd, http://www.springframework.org/schema/mvc/spring-mvc-3.0.xsd=org/springframework/web/servlet/config/spring-mvc-3.0.xsd, http://www.springframework.org/schema/beans/spring-beans-4.0.xsd=org/springframework/beans/factory/xml/spring-beans-4.0.xsd, http://www.springframework.org/schema/beans/spring-beans.xsd=org/springframework/beans/factory/xml/spring-beans-4.1.xsd, http://www.springframework.org/schema/security/spring-security-2.0.4.xsd=org/springframework/security/config/spring-security-2.0.4.xsd, http://activemq.apache.org/schema/core/activemq-core-5.4.1.xsd=activemq.xsd, http://www.springframework.org/schema/tx/spring-tx-3.1.xsd=org/springframework/transaction/config/spring-tx-3.1.xsd, http://www.springframework.org/schema/lang/spring-lang-3.0.xsd=org/springframework/scripting/config/spring-lang-3.0.xsd, http://www.springframework.org/schema/context/spring-context-2.5.xsd=org/springframework/context/config/spring-context-2.5.xsd, http://www.springframework.org/schema/jms/spring-jms-4.1.xsd=org/springframework/jms/config/spring-jms-4.1.xsd, http://activemq.apache.org/schema/core/activemq-core.xsd=activemq.xsd, http://activemq.org/config/1.0=activemq.xsd, http://www.springframework.org/schema/task/spring-task-4.0.xsd=org/springframework/scheduling/config/spring-task-4.0.xsd, http://www.springframework.org/schema/tool/spring-tool-3.0.xsd=org/springframework/beans/factory/xml/spring-tool-3.0.xsd, http://www.springframework.org/schema/tx/spring-tx-4.0.xsd=org/springframework/transaction/config/spring-tx-4.0.xsd, http://www.springframework.org/schema/aop/spring-aop-2.0.xsd=org/springframework/aop/config/spring-aop-2.0.xsd, http://www.springframework.org/schema/security/spring-security-3.2.xsd=org/springframework/security/config/spring-security-3.2.xsd, http://www.springframework.org/schema/jee/spring-jee-3.0.xsd=org/springframework/ejb/config/spring-jee-3.0.xsd, http://www.springframework.org/schema/util/spring-util-4.1.xsd=org/springframework/beans/factory/xml/spring-util-4.1.xsd, http://www.springframework.org/schema/task/spring-task-3.1.xsd=org/springframework/scheduling/config/spring-task-3.1.xsd, http://www.springframework.org/schema/beans/spring-beans-3.0.xsd=org/springframework/beans/factory/xml/spring-beans-3.0.xsd, http://activemq.org/config/1.0/1.0.xsd=activemq.xsd, http://activemq.apache.org/schema/core/activemq-core-5.9.1.xsd=activemq.xsd, http://www.springframework.org/schema/data/jpa/spring-jpa-1.2.xsd=org/springframework/data/jpa/repository/config/spring-jpa-1.2.xsd, http://www.springframework.org/schema/jee/spring-jee.xsd=org/springframework/ejb/config/spring-jee-4.1.xsd, http://activemq.apache.org/schema/core/activemq-core-5.3.1.xsd=activemq.xsd, http://www.springframework.org/schema/jms/spring-jms.xsd=org/springframework/jms/config/spring-jms-4.1.xsd, http://www.springframework.org/schema/aop/spring-aop-2.5.xsd=org/springframework/aop/config/spring-aop-2.5.xsd, http://www.springframework.org/schema/lang/spring-lang-2.0.xsd=org/springframework/scripting/config/spring-lang-2.0.xsd, http://www.springframework.org/schema/data/repository/spring-repository-1.6.xsd=org/springframework/data/repository/config/spring-repository-1.6.xsd, http://www.springframework.org/schema/jms/spring-jms-3.1.xsd=org/springframework/jms/config/spring-jms-3.1.xsd, http://www.springframework.org/schema/util/spring-util-3.2.xsd=org/springframework/beans/factory/xml/spring-util-3.2.xsd, http://www.springframework.org/schema/task/spring-task.xsd=org/springframework/scheduling/config/spring-task-4.1.xsd, http://www.springframework.org/schema/tool/spring-tool-2.0.xsd=org/springframework/beans/factory/xml/spring-tool-2.0.xsd, http://activemq.apache.org/schema/core/activemq-core-5.4.0.xsd=activemq.xsd, http://www.springframework.org/schema/tx/spring-tx-3.0.xsd=org/springframework/transaction/config/spring-tx-3.0.xsd, http://www.springframework.org/schema/lang/spring-lang-2.5.xsd=org/springframework/scripting/config/spring-lang-2.5.xsd, http://www.springframework.org/schema/jms/spring-jms-4.0.xsd=org/springframework/jms/config/spring-jms-4.0.xsd, http://www.springframework.org/schema/jee/spring-jee-2.0.xsd=org/springframework/ejb/config/spring-jee-2.0.xsd, http://www.springframework.org/schema/tool/spring-tool-2.5.xsd=org/springframework/beans/factory/xml/spring-tool-2.5.xsd, http://www.springframework.org/schema/security/spring-security-3.1.xsd=org/springframework/security/config/spring-security-3.1.xsd, http://www.springframework.org/schema/jee/spring-jee-2.5.xsd=org/springframework/ejb/config/spring-jee-2.5.xsd, http://www.springframework.org/schema/data/repository/spring-repository-1.0.xsd=org/springframework/data/repository/config/spring-repository-1.0.xsd, http://www.springframework.org/schema/util/spring-util-4.0.xsd=org/springframework/beans/factory/xml/spring-util-4.0.xsd, http://www.springframework.org/schema/task/spring-task-3.0.xsd=org/springframework/scheduling/config/spring-task-3.0.xsd, http://activemq.apache.org/schema/core/activemq-core-5.9.0.xsd=activemq.xsd, http://www.springframework.org/schema/data/jpa/spring-jpa-1.1.xsd=org/springframework/data/jpa/repository/config/spring-jpa-1.1.xsd, http://camel.apache.org/schema/osgi/camel-osgi.xsd=camel-osgi.xsd, http://activemq.apache.org/schema/core/activemq-core-5.3.0.xsd=activemq.xsd, http://www.springframework.org/schema/lang/spring-lang.xsd=org/springframework/scripting/config/spring-lang-4.1.xsd, http://www.springframework.org/schema/context/spring-context-3.2.xsd=org/springframework/context/config/spring-context-3.2.xsd, http://www.springframework.org/schema/data/repository/spring-repository-1.5.xsd=org/springframework/data/repository/config/spring-repository-1.5.xsd, http://www.springframework.org/schema/jms/spring-jms-3.0.xsd=org/springframework/jms/config/spring-jms-3.0.xsd, http://www.springframework.org/schema/util/spring-util-3.1.xsd=org/springframework/beans/factory/xml/spring-util-3.1.xsd, http://www.springframework.org/schema/beans/spring-beans-2.0.xsd=org/springframework/beans/factory/xml/spring-beans-2.0.xsd, http://www.springframework.org/schema/cache/spring-cache.xsd=org/springframework/cache/config/spring-cache-4.1.xsd, http://www.springframework.org/schema/tx/spring-tx.xsd=org/springframework/transaction/config/spring-tx-4.1.xsd, http://www.springframework.org/schema/security/spring-security-2.0.2.xsd=org/springframework/security/config/spring-security-2.0.2.xsd, http://www.springframework.org/schema/context/spring-context-4.1.xsd=org/springframework/context/config/spring-context-4.1.xsd, http://www.springframework.org/schema/beans/spring-beans-2.5.xsd=org/springframework/beans/factory/xml/spring-beans-2.5.xsd, http://activemq.apache.org/schema/core/activemq-core-5.8.0.xsd=activemq.xsd, http://www.springframework.org/schema/security/spring-security.xsd=org/springframework/security/config/spring-security-3.2.xsd, http://www.springframework.org/schema/tx/spring-tx-2.0.xsd=org/springframework/transaction/config/spring-tx-2.0.xsd, http://activemq.apache.org/schema/core/activemq-core-5.2.0.xsd=activemq.xsd, http://www.springframework.org/schema/security/spring-security-3.0.xsd=org/springframework/security/config/spring-security-3.0.xsd, http://www.springframework.org/schema/jdbc/spring-jdbc-3.2.xsd=org/springframework/jdbc/config/spring-jdbc-3.2.xsd, http://www.springframework.org/schema/aop/spring-aop.xsd=org/springframework/aop/config/spring-aop-4.1.xsd, http://www.springframework.org/schema/data/jpa/spring-jpa-1.0.xsd=org/springframework/data/jpa/repository/config/spring-jpa-1.0.xsd}
Found XML schema [http://www.springframework.org/schema/beans/spring-beans.xsd] in classpath: org/springframework/beans/factory/xml/spring-beans-4.1.xsd
Found XML schema [http://www.springframework.org/schema/context/spring-context.xsd] in classpath: org/springframework/context/config/spring-context-4.1.xsd
Found XML schema [http://www.springframework.org/schema/tool/spring-tool-4.1.xsd] in classpath: org/springframework/beans/factory/xml/spring-tool-4.1.xsd
Loading bean definitions
Loaded NamespaceHandler mappings: {http://www.springframework.org/schema/p=org.springframework.beans.factory.xml.SimplePropertyNamespaceHandler, http://www.springframework.org/schema/mvc=org.springframework.web.servlet.config.MvcNamespaceHandler, http://www.springframework.org/schema/util=org.springframework.beans.factory.xml.UtilNamespaceHandler, http://www.springframework.org/schema/jee=org.springframework.ejb.config.JeeNamespaceHandler, http://www.springframework.org/schema/aop=org.springframework.aop.config.AopNamespaceHandler, http://www.springframework.org/schema/data/repository=org.springframework.data.repository.config.RepositoryNameSpaceHandler, http://www.springframework.org/schema/jdbc=org.springframework.jdbc.config.JdbcNamespaceHandler, http://www.springframework.org/schema/data/jpa=org.springframework.data.jpa.repository.config.JpaRepositoryNameSpaceHandler, http://www.springframework.org/schema/cache=org.springframework.cache.config.CacheNamespaceHandler, http://activemq.apache.org/schema/core=org.apache.xbean.spring.context.v2.XBeanNamespaceHandler, http://www.springframework.org/schema/c=org.springframework.beans.factory.xml.SimpleConstructorNamespaceHandler, http://www.springframework.org/schema/security=org.springframework.security.config.SecurityNamespaceHandler, http://www.springframework.org/schema/tx=org.springframework.transaction.config.TxNamespaceHandler, http://www.springframework.org/schema/jms=org.springframework.jms.config.JmsNamespaceHandler, http://www.springframework.org/schema/task=org.springframework.scheduling.config.TaskNamespaceHandler, http://www.springframework.org/schema/lang=org.springframework.scripting.config.LangNamespaceHandler, http://www.springframework.org/schema/context=org.springframework.context.config.ContextNamespaceHandler}
Adding [systemProperties] PropertySource with lowest search precedence
Adding [systemEnvironment] PropertySource with lowest search precedence
Initialized StandardEnvironment with PropertySources [systemProperties,systemEnvironment]
JSR-250 'javax.annotation.ManagedBean' found and supported for component scanning
Looking for matching resources in directory tree [D:\Sts\educational\spring-breakout-session\1-spring-breakout-session-ioc\target\classes\com\endava]
Searching directory [D:\Sts\educational\spring-breakout-session\1-spring-breakout-session-ioc\target\classes\com\endava] for files matching pattern [D:/Sts/educational/spring-breakout-session/1-spring-breakout-session-ioc/target/classes/com/endava/**/*.class]
Searching directory [D:\Sts\educational\spring-breakout-session\1-spring-breakout-session-ioc\target\classes\com\endava\sbs] for files matching pattern [D:/Sts/educational/spring-breakout-session/1-spring-breakout-session-ioc/target/classes/com/endava/**/*.class]
Searching directory [D:\Sts\educational\spring-breakout-session\1-spring-breakout-session-ioc\target\classes\com\endava\sbs\fii] for files matching pattern [D:/Sts/educational/spring-breakout-session/1-spring-breakout-session-ioc/target/classes/com/endava/**/*.class]
Searching directory [D:\Sts\educational\spring-breakout-session\1-spring-breakout-session-ioc\target\classes\com\endava\sbs\fii\main] for files matching pattern [D:/Sts/educational/spring-breakout-session/1-spring-breakout-session-ioc/target/classes/com/endava/**/*.class]
Searching directory [D:\Sts\educational\spring-breakout-session\1-spring-breakout-session-ioc\target\classes\com\endava\sbs\fii\services] for files matching pattern [D:/Sts/educational/spring-breakout-session/1-spring-breakout-session-ioc/target/classes/com/endava/**/*.class]
Searching directory [D:\Sts\educational\spring-breakout-session\1-spring-breakout-session-ioc\target\classes\com\endava\sbs\fii\services\contracts] for files matching pattern [D:/Sts/educational/spring-breakout-session/1-spring-breakout-session-ioc/target/classes/com/endava/**/*.class]
Searching directory [D:\Sts\educational\spring-breakout-session\1-spring-breakout-session-ioc\target\classes\com\endava\sbs\fii\services\impl] for files matching pattern [D:/Sts/educational/spring-breakout-session/1-spring-breakout-session-ioc/target/classes/com/endava/**/*.class]
Looking for matching resources in directory tree [D:\Sts\educational\spring-breakout-commons\target\classes\com\endava]
Searching directory [D:\Sts\educational\spring-breakout-commons\target\classes\com\endava] for files matching pattern [D:/Sts/educational/spring-breakout-commons/target/classes/com/endava/**/*.class]
Searching directory [D:\Sts\educational\spring-breakout-commons\target\classes\com\endava\sbs] for files matching pattern [D:/Sts/educational/spring-breakout-commons/target/classes/com/endava/**/*.class]
Searching directory [D:\Sts\educational\spring-breakout-commons\target\classes\com\endava\sbs\fii] for files matching pattern [D:/Sts/educational/spring-breakout-commons/target/classes/com/endava/**/*.class]
Searching directory [D:\Sts\educational\spring-breakout-commons\target\classes\com\endava\sbs\fii\commons] for files matching pattern [D:/Sts/educational/spring-breakout-commons/target/classes/com/endava/**/*.class]
Searching directory [D:\Sts\educational\spring-breakout-commons\target\classes\com\endava\sbs\fii\commons\builders] for files matching pattern [D:/Sts/educational/spring-breakout-commons/target/classes/com/endava/**/*.class]
Searching directory [D:\Sts\educational\spring-breakout-commons\target\classes\com\endava\sbs\fii\commons\domain] for files matching pattern [D:/Sts/educational/spring-breakout-commons/target/classes/com/endava/**/*.class]
Resolved location pattern [classpath*:com/endava/**/*.class] to resources [file [D:\Sts\educational\spring-breakout-session\1-spring-breakout-session-ioc\target\classes\com\endava\sbs\fii\main\ConsoleApplication.class], file [D:\Sts\educational\spring-breakout-session\1-spring-breakout-session-ioc\target\classes\com\endava\sbs\fii\services\contracts\AlbumService.class], file [D:\Sts\educational\spring-breakout-session\1-spring-breakout-session-ioc\target\classes\com\endava\sbs\fii\services\contracts\ArtistService.class], file [D:\Sts\educational\spring-breakout-session\1-spring-breakout-session-ioc\target\classes\com\endava\sbs\fii\services\impl\ConsoleAlbumService.class], file [D:\Sts\educational\spring-breakout-session\1-spring-breakout-session-ioc\target\classes\com\endava\sbs\fii\services\impl\LoggerAlbumService.class], file [D:\Sts\educational\spring-breakout-session\1-spring-breakout-session-ioc\target\classes\com\endava\sbs\fii\services\impl\LoggerArtistService.class], file [D:\Sts\educational\spring-breakout-commons\target\classes\com\endava\sbs\fii\commons\builders\ArtefactBuilder.class], file [D:\Sts\educational\spring-breakout-commons\target\classes\com\endava\sbs\fii\commons\domain\Album.class], file [D:\Sts\educational\spring-breakout-commons\target\classes\com\endava\sbs\fii\commons\domain\Artist.class], file [D:\Sts\educational\spring-breakout-commons\target\classes\com\endava\sbs\fii\commons\domain\Gender.class]]
Identified candidate component class: file [D:\Sts\educational\spring-breakout-session\1-spring-breakout-session-ioc\target\classes\com\endava\sbs\fii\services\impl\ConsoleAlbumService.class]
Identified candidate component class: file [D:\Sts\educational\spring-breakout-session\1-spring-breakout-session-ioc\target\classes\com\endava\sbs\fii\services\impl\LoggerAlbumService.class]
Identified candidate component class: file [D:\Sts\educational\spring-breakout-session\1-spring-breakout-session-ioc\target\classes\com\endava\sbs\fii\services\impl\LoggerArtistService.class]
Loaded 9 bean definitions from location pattern [/application-context.xml]
Bean factory for org.springframework.context.support.ClassPathXmlApplicationContext@230a4761: org.springframework.beans.factory.support.DefaultListableBeanFactory@4c3891a1: defining beans [consoleAlbumService,loggerAlbumService,loggerArtistService,org.springframework.context.annotation.internalConfigurationAnnotationProcessor,org.springframework.context.annotation.internalAutowiredAnnotationProcessor,org.springframework.context.annotation.internalRequiredAnnotationProcessor,org.springframework.context.annotation.internalCommonAnnotationProcessor,org.springframework.context.annotation.internalPersistenceAnnotationProcessor,artistService]; root of factory hierarchy
Creating shared instance of singleton bean 'org.springframework.context.annotation.internalConfigurationAnnotationProcessor'
Creating instance of bean 'org.springframework.context.annotation.internalConfigurationAnnotationProcessor'
Eagerly caching bean 'org.springframework.context.annotation.internalConfigurationAnnotationProcessor' to allow for resolving potential circular references
Finished creating instance of bean 'org.springframework.context.annotation.internalConfigurationAnnotationProcessor'
Creating shared instance of singleton bean 'org.springframework.context.annotation.internalAutowiredAnnotationProcessor'
Creating instance of bean 'org.springframework.context.annotation.internalAutowiredAnnotationProcessor'
Eagerly caching bean 'org.springframework.context.annotation.internalAutowiredAnnotationProcessor' to allow for resolving potential circular references
Finished creating instance of bean 'org.springframework.context.annotation.internalAutowiredAnnotationProcessor'
Creating shared instance of singleton bean 'org.springframework.context.annotation.internalRequiredAnnotationProcessor'
Creating instance of bean 'org.springframework.context.annotation.internalRequiredAnnotationProcessor'
Eagerly caching bean 'org.springframework.context.annotation.internalRequiredAnnotationProcessor' to allow for resolving potential circular references
Finished creating instance of bean 'org.springframework.context.annotation.internalRequiredAnnotationProcessor'
Creating shared instance of singleton bean 'org.springframework.context.annotation.internalCommonAnnotationProcessor'
Creating instance of bean 'org.springframework.context.annotation.internalCommonAnnotationProcessor'
Eagerly caching bean 'org.springframework.context.annotation.internalCommonAnnotationProcessor' to allow for resolving potential circular references
Finished creating instance of bean 'org.springframework.context.annotation.internalCommonAnnotationProcessor'
Creating shared instance of singleton bean 'org.springframework.context.annotation.internalPersistenceAnnotationProcessor'
Creating instance of bean 'org.springframework.context.annotation.internalPersistenceAnnotationProcessor'
Eagerly caching bean 'org.springframework.context.annotation.internalPersistenceAnnotationProcessor' to allow for resolving potential circular references
Finished creating instance of bean 'org.springframework.context.annotation.internalPersistenceAnnotationProcessor'
Creating shared instance of singleton bean 'org.springframework.context.annotation.ConfigurationClassPostProcessor.importAwareProcessor'
Creating instance of bean 'org.springframework.context.annotation.ConfigurationClassPostProcessor.importAwareProcessor'
Eagerly caching bean 'org.springframework.context.annotation.ConfigurationClassPostProcessor.importAwareProcessor' to allow for resolving potential circular references
Finished creating instance of bean 'org.springframework.context.annotation.ConfigurationClassPostProcessor.importAwareProcessor'
Creating shared instance of singleton bean 'org.springframework.context.annotation.ConfigurationClassPostProcessor.enhancedConfigurationProcessor'
Creating instance of bean 'org.springframework.context.annotation.ConfigurationClassPostProcessor.enhancedConfigurationProcessor'
Eagerly caching bean 'org.springframework.context.annotation.ConfigurationClassPostProcessor.enhancedConfigurationProcessor' to allow for resolving potential circular references
Finished creating instance of bean 'org.springframework.context.annotation.ConfigurationClassPostProcessor.enhancedConfigurationProcessor'
Unable to locate MessageSource with name 'messageSource': using default [org.springframework.context.support.DelegatingMessageSource@341244a6]
Unable to locate ApplicationEventMulticaster with name 'applicationEventMulticaster': using default [org.springframework.context.event.SimpleApplicationEventMulticaster@75707c77]
Pre-instantiating singletons in org.springframework.beans.factory.support.DefaultListableBeanFactory@4c3891a1: defining beans [consoleAlbumService,loggerAlbumService,loggerArtistService,org.springframework.context.annotation.internalConfigurationAnnotationProcessor,org.springframework.context.annotation.internalAutowiredAnnotationProcessor,org.springframework.context.annotation.internalRequiredAnnotationProcessor,org.springframework.context.annotation.internalCommonAnnotationProcessor,org.springframework.context.annotation.internalPersistenceAnnotationProcessor,artistService,org.springframework.context.annotation.ConfigurationClassPostProcessor.importAwareProcessor,org.springframework.context.annotation.ConfigurationClassPostProcessor.enhancedConfigurationProcessor]; root of factory hierarchy
Creating shared instance of singleton bean 'consoleAlbumService'
Creating instance of bean 'consoleAlbumService'
Eagerly caching bean 'consoleAlbumService' to allow for resolving potential circular references
Finished creating instance of bean 'consoleAlbumService'
Creating shared instance of singleton bean 'loggerAlbumService'
Creating instance of bean 'loggerAlbumService'
Eagerly caching bean 'loggerAlbumService' to allow for resolving potential circular references
Finished creating instance of bean 'loggerAlbumService'
Creating shared instance of singleton bean 'loggerArtistService'
Creating instance of bean 'loggerArtistService'
Registered injected element on class [com.endava.sbs.fii.services.impl.LoggerArtistService]: AutowiredFieldElement for com.endava.sbs.fii.services.contracts.AlbumService com.endava.sbs.fii.services.impl.LoggerArtistService.albumService
Eagerly caching bean 'loggerArtistService' to allow for resolving potential circular references
Processing injected element of bean 'loggerArtistService': AutowiredFieldElement for com.endava.sbs.fii.services.contracts.AlbumService com.endava.sbs.fii.services.impl.LoggerArtistService.albumService
Returning cached instance of singleton bean 'loggerAlbumService'
Autowiring by type from bean name 'loggerArtistService' to bean named 'loggerAlbumService'
Finished creating instance of bean 'loggerArtistService'
Returning cached instance of singleton bean 'org.springframework.context.annotation.internalConfigurationAnnotationProcessor'
Returning cached instance of singleton bean 'org.springframework.context.annotation.internalAutowiredAnnotationProcessor'
Returning cached instance of singleton bean 'org.springframework.context.annotation.internalRequiredAnnotationProcessor'
Returning cached instance of singleton bean 'org.springframework.context.annotation.internalCommonAnnotationProcessor'
Returning cached instance of singleton bean 'org.springframework.context.annotation.internalPersistenceAnnotationProcessor'
Creating shared instance of singleton bean 'artistService'
Creating instance of bean 'artistService'
Registered injected element on class [com.endava.sbs.fii.services.impl.LoggerArtistService]: AutowiredFieldElement for com.endava.sbs.fii.services.contracts.AlbumService com.endava.sbs.fii.services.impl.LoggerArtistService.albumService
Eagerly caching bean 'artistService' to allow for resolving potential circular references
Processing injected element of bean 'artistService': AutowiredFieldElement for com.endava.sbs.fii.services.contracts.AlbumService com.endava.sbs.fii.services.impl.LoggerArtistService.albumService
Returning cached instance of singleton bean 'loggerAlbumService'
Autowiring by type from bean name 'artistService' to bean named 'loggerAlbumService'
Finished creating instance of bean 'artistService'
Returning cached instance of singleton bean 'org.springframework.context.annotation.ConfigurationClassPostProcessor.importAwareProcessor'
Returning cached instance of singleton bean 'org.springframework.context.annotation.ConfigurationClassPostProcessor.enhancedConfigurationProcessor'
Unable to locate LifecycleProcessor with name 'lifecycleProcessor': using default [org.springframework.context.support.DefaultLifecycleProcessor@325dcdf1]
Returning cached instance of singleton bean 'lifecycleProcessor'
Searching for key 'spring.liveBeansView.mbeanDomain' in [systemProperties]
Searching for key 'spring.liveBeansView.mbeanDomain' in [systemEnvironment]
Could not find key 'spring.liveBeansView.mbeanDomain' in any property source. Returning [null]
Spring context initialized.
Returning cached instance of singleton bean 'artistService'
The artist we read: Metallica
The album we read from an injected service: St. Anger
Spring context end.
